Arguments: 
  C:\Program Files\nodejs\node.exe C:\Users\fitgeek\AppData\Roaming\npm\node_modules\yarn\bin\yarn.js

PATH: 
  C:\Users\fitgeek\bin;C:\Program Files\Git\mingw64\bin;C:\Program Files\Git\usr\local\bin;C:\Program Files\Git\usr\bin;C:\Program Files\Git\usr\bin;C:\Program Files\Git\cmd;C:\WINDOWS\system32;C:\WINDOWS;C:\WINDOWS\System32\Wbem;C:\WINDOWS\System32\WindowsPowerShell\v1.0;C:\WINDOWS\System32\OpenSSH;C:\Program Files\Microsoft VS Code\bin;C:\Program Files\Git\cmd;R:\php;C:\Users\fitgeek\Desktop\curl-7.78.0-win64-mingw\bin;C:\Program Files\Android;R:\Genymotion;C:\Program Files (x86)\dotnet;C:\Program Files\MongoDB\Server\4.2\bin;C:\Program Files\nodejs;C:\Users\fitgeek\AppData\Local\Microsoft\WindowsApps;C:\Program Files\heroku\bin;R:\xammp\php;C:\Users\fitgeek\AppData\Roaming\Composer\vendor\bin;C:\Users\fitgeek\AppData\Local\Hyper\app-3.0.2\resources\bin;C:\Users\fitgeek\AppData\Local\Programs\Hyper\resources\bin;C:\Program Files\MongoDB\Server\4.4\bin;C:\Users\fitgeek\AppData\Roaming\npm;C:\Users\fitgeek\AppData\Local\Yarn\bin;C:\Program Files\Git\usr\bin\vendor_perl;C:\Program Files\Git\usr\bin\core_perl

Yarn version: 
  1.22.10

Node version: 
  18.16.0

Platform: 
  win32 x64

Trace: 
  SyntaxError: C:\Users\fitgeek\Desktop\mlm-training\package.json: Unexpected token } in JSON at position 721
      at JSON.parse (<anonymous>)
      at C:\Users\fitgeek\AppData\Roaming\npm\node_modules\yarn\lib\cli.js:1625:59
      at Generator.next (<anonymous>)
      at step (C:\Users\fitgeek\AppData\Roaming\npm\node_modules\yarn\lib\cli.js:310:30)
      at C:\Users\fitgeek\AppData\Roaming\npm\node_modules\yarn\lib\cli.js:321:13

npm manifest: 
  {
    "name": "mlm-training",
    "private": true,
    "sideEffects": false,
    "type": "module",
   "prisma": {
      "seed": "node prisma/seed"
    },
    "scripts": {
      "build": "remix build",
      "dev": "remix dev",
      "start": "netlify serve",
      "typecheck": "tsc -b"
    },
    "dependencies": {
   "@prisma/client": "^5.9.0",
      "@remix-run/css-bundle": "^2.5.1",
      "@remix-run/node": "^2.5.1",
      "@remix-run/react": "^2.5.1",
      "@remix-run/serve": "^2.5.1",
      "@netlify/functions": "^2.0.0",
      "@netlify/remix-adapter": "^2.0.0",
      "@remix-run/node": "^2.6.0",
      "@remix-run/react": "^2.6.0",
      "cross-env": "^7.0.3",
      "react": "^18.2.0",
      "react-dom": "^18.2.0",
  "prisma": "^5.8.1",
  "bcrypt": "^5.1.1",
    },
    "devDependencies": {
      "@remix-run/dev": "^2.6.0",
      "@remix-run/eslint-config": "^2.6.0",
      "@remix-run/serve": "^2.6.0",
      "@types/react": "^18.2.0",
      "@types/react-dom": "^18.2.0",
      "eslint": "^8.27.0",
      "typescript": "^5.2.2"
    },
    "engines": {
      "node": ">=18"
    }
  }

yarn manifest: 
  No manifest

Lockfile: 
  No lockfile
